<?xml version="1.0" encoding="UTF-8"?>
<!-- Generated by org.testng.reporters.JUnitReportReporter -->
<testsuite skipped="0" hostname="Kaushik-PC" name="com.selenium.test.RoundTripFlightSearchTest" tests="3" failures="0" timestamp="08 Feb 2020 15:22:05 GMT" time="472.331" errors="0">
  <testcase name="Test1" time="140.378" classname="com.selenium.test.RoundTripFlightSearchTest"/>
  <testcase name="Test1" time="172.603" classname="com.selenium.test.RoundTripFlightSearchTest"/>
  <testcase name="Test1" time="159.350" classname="com.selenium.test.RoundTripFlightSearchTest"/>
</testsuite> <!-- com.selenium.test.RoundTripFlightSearchTest -->
