<?xml version="1.0" encoding="UTF-8"?>
<!-- Generated by org.testng.reporters.JUnitReportReporter -->
<testsuite skipped="0" hostname="Kaushik-PC" name="com.selenium.test.RoundTripFlightSearchTest" tests="4" failures="0" timestamp="26 Dec 2019 16:43:48 GMT" time="695.856" errors="0">
  <testcase name="Test1" time="176.543" classname="com.selenium.test.RoundTripFlightSearchTest"/>
  <testcase name="Test1" time="174.426" classname="com.selenium.test.RoundTripFlightSearchTest"/>
  <testcase name="Test1" time="183.976" classname="com.selenium.test.RoundTripFlightSearchTest"/>
  <testcase name="Test1" time="160.911" classname="com.selenium.test.RoundTripFlightSearchTest"/>
</testsuite> <!-- com.selenium.test.RoundTripFlightSearchTest -->
