<?xml version="1.0" encoding="UTF-8"?>
<!-- Generated by org.testng.reporters.JUnitReportReporter -->
<testsuite skipped="0" hostname="Kaushik-PC" name="com.selenium.test.SearchHotelTest" tests="3" failures="0" timestamp="28 Dec 2019 08:00:01 GMT" time="883.725" errors="0">
  <testcase name="Test2" time="147.097" classname="com.selenium.test.SearchHotelTest"/>
  <testcase name="Test2" time="450.201" classname="com.selenium.test.SearchHotelTest"/>
  <testcase name="Test2" time="286.427" classname="com.selenium.test.SearchHotelTest"/>
</testsuite> <!-- com.selenium.test.SearchHotelTest -->
