<?xml version="1.0" encoding="UTF-8"?>
<!-- Generated by org.testng.reporters.JUnitReportReporter -->
<testsuite skipped="0" hostname="Kaushik-PC" name="com.selenium.test.SearchHotelTest" tests="1" failures="0" timestamp="01 Feb 2020 12:28:36 GMT" time="508.383" errors="0">
  <testcase name="Test2" time="508.383" classname="com.selenium.test.SearchHotelTest"/>
</testsuite> <!-- com.selenium.test.SearchHotelTest -->
