<?xml version="1.0" encoding="UTF-8"?>
<!-- Generated by org.testng.reporters.JUnitReportReporter -->
<testsuite skipped="0" hostname="Kaushik-PC" name="com.seleniumpractise.SearchTest" tests="4" failures="0" timestamp="24 Nov 2019 13:59:29 GMT" time="580.693" errors="0">
  <testcase name="Test1" time="130.889" classname="com.seleniumpractise.SearchTest"/>
  <testcase name="Test1" time="159.609" classname="com.seleniumpractise.SearchTest"/>
  <testcase name="Test1" time="147.780" classname="com.seleniumpractise.SearchTest"/>
  <testcase name="Test1" time="142.415" classname="com.seleniumpractise.SearchTest"/>
</testsuite> <!-- com.seleniumpractise.SearchTest -->
