<?xml version="1.0" encoding="UTF-8"?>
<!-- Generated by org.testng.reporters.JUnitReportReporter -->
<testsuite skipped="0" hostname="Kaushik-PC" name="com.selenium.test.RoundTripFlightSearchTest" tests="2" failures="0" timestamp="01 Feb 2020 12:28:36 GMT" time="349.912" errors="0">
  <testcase name="Test1" time="156.563" classname="com.selenium.test.RoundTripFlightSearchTest"/>
  <testcase name="Test1" time="193.349" classname="com.selenium.test.RoundTripFlightSearchTest"/>
</testsuite> <!-- com.selenium.test.RoundTripFlightSearchTest -->
