<?xml version="1.0" encoding="UTF-8"?>
<!-- Generated by org.testng.reporters.JUnitReportReporter -->
<testsuite skipped="0" hostname="Kaushik-PC" name="com.seleniumpractise.SearchHotelTest" tests="3" failures="0" timestamp="27 Nov 2019 21:20:33 GMT" time="996.744" errors="0">
  <testcase name="Test2" time="348.152" classname="com.seleniumpractise.SearchHotelTest"/>
  <testcase name="Test2" time="533.178" classname="com.seleniumpractise.SearchHotelTest"/>
  <testcase name="Test2" time="115.414" classname="com.seleniumpractise.SearchHotelTest"/>
</testsuite> <!-- com.seleniumpractise.SearchHotelTest -->
